<?xml version="1.0" encoding="UTF-8"?>
<testng-results skipped="0" failed="1" total="2" passed="1">
  <reporter-output>
  </reporter-output>
  <suite name="Default suite" duration-ms="35719" started-at="2016-09-07T10:42:43Z" finished-at="2016-09-07T10:43:19Z">
    <groups>
    </groups>
    <test name="Default test" duration-ms="35719" started-at="2016-09-07T10:42:43Z" finished-at="2016-09-07T10:43:19Z">
      <class name="frame.test.AdministrativeDivisionSearch_RentHouse">
        <test-method status="PASS" signature="setUp()[pri:0, instance:frame.test.AdministrativeDivisionSearch_RentHouse@4b9e13df]" name="setUp" is-config="true" duration-ms="2386" started-at="2016-09-07T18:42:43Z" finished-at="2016-09-07T18:42:45Z">
          <reporter-output>
          </reporter-output>
        </test-method> <!-- setUp -->
        <test-method status="FAIL" signature="search()[pri:0, instance:frame.test.AdministrativeDivisionSearch_RentHouse@4b9e13df]" name="search" duration-ms="32929" started-at="2016-09-07T18:42:45Z" finished-at="2016-09-07T18:43:18Z">
          <exception class="java.lang.AssertionError">
            <message>
              <![CDATA[元素没有找到 locator=//div[@class='dialog-content']/ul/li]]>
            </message>
            <full-stacktrace>
              <![CDATA[java.lang.AssertionError: 元素没有找到 locator=//div[@class='dialog-content']/ul/li
	at org.testng.Assert.fail(Assert.java:94)
	at frame.ui.facade.Browser.checkIfExists(Browser.java:87)
	at frame.test.AdministrativeDivisionSearch_RentHouse.search(AdministrativeDivisionSearch_RentHouse.java:10)
	at sun.reflect.NativeMethodAccessorImpl.invoke0(Native Method)
	at sun.reflect.NativeMethodAccessorImpl.invoke(NativeMethodAccessorImpl.java:62)
	at sun.reflect.DelegatingMethodAccessorImpl.invoke(DelegatingMethodAccessorImpl.java:43)
	at java.lang.reflect.Method.invoke(Method.java:498)
	at org.testng.internal.MethodInvocationHelper.invokeMethod(MethodInvocationHelper.java:80)
	at org.testng.internal.Invoker.invokeMethod(Invoker.java:714)
	at org.testng.internal.Invoker.invokeTestMethod(Invoker.java:901)
	at org.testng.internal.Invoker.invokeTestMethods(Invoker.java:1231)
	at org.testng.internal.TestMethodWorker.invokeTestMethods(TestMethodWorker.java:127)
	at org.testng.internal.TestMethodWorker.run(TestMethodWorker.java:111)
	at org.testng.TestRunner.privateRun(TestRunner.java:767)
	at org.testng.TestRunner.run(TestRunner.java:617)
	at org.testng.SuiteRunner.runTest(SuiteRunner.java:334)
	at org.testng.SuiteRunner.runSequentially(SuiteRunner.java:329)
	at org.testng.SuiteRunner.privateRun(SuiteRunner.java:291)
	at org.testng.SuiteRunner.run(SuiteRunner.java:240)
	at org.testng.SuiteRunnerWorker.runSuite(SuiteRunnerWorker.java:52)
	at org.testng.SuiteRunnerWorker.run(SuiteRunnerWorker.java:86)
	at org.testng.TestNG.runSuitesSequentially(TestNG.java:1198)
	at org.testng.TestNG.runSuitesLocally(TestNG.java:1123)
	at org.testng.TestNG.run(TestNG.java:1031)
	at org.testng.remote.AbstractRemoteTestNG.run(AbstractRemoteTestNG.java:126)
	at org.testng.remote.RemoteTestNG.initAndRun(RemoteTestNG.java:137)
	at org.testng.remote.RemoteTestNG.main(RemoteTestNG.java:58)
]]>
            </full-stacktrace>
          </exception> <!-- java.lang.AssertionError -->
          <reporter-output>
          </reporter-output>
        </test-method> <!-- search -->
        <test-method status="PASS" signature="search2()[pri:0, instance:frame.test.AdministrativeDivisionSearch_RentHouse@4b9e13df]" name="search2" duration-ms="389" started-at="2016-09-07T18:43:18Z" finished-at="2016-09-07T18:43:19Z">
          <reporter-output>
          </reporter-output>
        </test-method> <!-- search2 -->
        <test-method status="PASS" signature="teardown()[pri:0, instance:frame.test.AdministrativeDivisionSearch_RentHouse@4b9e13df]" name="teardown" is-config="true" duration-ms="0" started-at="2016-09-07T18:43:19Z" finished-at="2016-09-07T18:43:19Z">
          <reporter-output>
          </reporter-output>
        </test-method> <!-- teardown -->
      </class> <!-- frame.test.AdministrativeDivisionSearch_RentHouse -->
    </test> <!-- Default test -->
  </suite> <!-- Default suite -->
</testng-results>
