<?xml version="1.0" encoding="UTF-8"?>
<!-- Generated by org.testng.reporters.JUnitReportReporter -->
<testsuite hostname="ethan.local" name="frame.test.AdministrativeDivisionSearch_RentHouse" tests="2" failures="0" timestamp="7 Sep 2016 10:43:19 GMT" time="33.318" errors="1">
  <testcase name="search2" time="0.389" classname="frame.test.AdministrativeDivisionSearch_RentHouse"/>
  <testcase name="search" time="32.929" classname="frame.test.AdministrativeDivisionSearch_RentHouse">
    <error type="java.lang.AssertionError" message="元素没有找到 locator=//div[@class=&#039;dialog-content&#039;]/ul/li">
      <![CDATA[java.lang.AssertionError: 元素没有找到 locator=//div[@class='dialog-content']/ul/li
	at org.testng.Assert.fail(Assert.java:94)
	at frame.ui.facade.Browser.checkIfExists(Browser.java:87)
	at frame.test.AdministrativeDivisionSearch_RentHouse.search(AdministrativeDivisionSearch_RentHouse.java:10)
	at sun.reflect.NativeMethodAccessorImpl.invoke0(Native Method)
	at sun.reflect.NativeMethodAccessorImpl.invoke(NativeMethodAccessorImpl.java:62)
	at sun.reflect.DelegatingMethodAccessorImpl.invoke(DelegatingMethodAccessorImpl.java:43)
	at java.lang.reflect.Method.invoke(Method.java:498)
	at org.testng.internal.MethodInvocationHelper.invokeMethod(MethodInvocationHelper.java:80)
	at org.testng.internal.Invoker.invokeMethod(Invoker.java:714)
	at org.testng.internal.Invoker.invokeTestMethod(Invoker.java:901)
	at org.testng.internal.Invoker.invokeTestMethods(Invoker.java:1231)
	at org.testng.internal.TestMethodWorker.invokeTestMethods(TestMethodWorker.java:127)
	at org.testng.internal.TestMethodWorker.run(TestMethodWorker.java:111)
	at org.testng.TestRunner.privateRun(TestRunner.java:767)
	at org.testng.TestRunner.run(TestRunner.java:617)
	at org.testng.SuiteRunner.runTest(SuiteRunner.java:334)
	at org.testng.SuiteRunner.runSequentially(SuiteRunner.java:329)
	at org.testng.SuiteRunner.privateRun(SuiteRunner.java:291)
	at org.testng.SuiteRunner.run(SuiteRunner.java:240)
	at org.testng.SuiteRunnerWorker.runSuite(SuiteRunnerWorker.java:52)
	at org.testng.SuiteRunnerWorker.run(SuiteRunnerWorker.java:86)
	at org.testng.TestNG.runSuitesSequentially(TestNG.java:1198)
	at org.testng.TestNG.runSuitesLocally(TestNG.java:1123)
	at org.testng.TestNG.run(TestNG.java:1031)
	at org.testng.remote.AbstractRemoteTestNG.run(AbstractRemoteTestNG.java:126)
	at org.testng.remote.RemoteTestNG.initAndRun(RemoteTestNG.java:137)
	at org.testng.remote.RemoteTestNG.main(RemoteTestNG.java:58)
]]>
    </error>
  </testcase> <!-- search -->
</testsuite> <!-- frame.test.AdministrativeDivisionSearch_RentHouse -->
